mode: set
github.com/xbpk3t/gonamefix/gonamefix.go:17.52,22.55 1 1
github.com/xbpk3t/gonamefix/gonamefix.go:22.55,24.4 1 1
github.com/xbpk3t/gonamefix/gonamefix.go:55.77,59.41 2 1
github.com/xbpk3t/gonamefix/gonamefix.go:59.41,61.3 1 0
github.com/xbpk3t/gonamefix/gonamefix.go:64.2,65.28 2 1
github.com/xbpk3t/gonamefix/gonamefix.go:65.28,67.3 1 1
github.com/xbpk3t/gonamefix/gonamefix.go:70.2,85.48 5 1
github.com/xbpk3t/gonamefix/gonamefix.go:85.48,86.27 1 1
github.com/xbpk3t/gonamefix/gonamefix.go:87.22,88.47 1 1
github.com/xbpk3t/gonamefix/gonamefix.go:88.47,91.5 2 1
github.com/xbpk3t/gonamefix/gonamefix.go:93.4,93.51 1 1
github.com/xbpk3t/gonamefix/gonamefix.go:93.51,94.49 1 1
github.com/xbpk3t/gonamefix/gonamefix.go:94.49,95.39 1 1
github.com/xbpk3t/gonamefix/gonamefix.go:95.39,96.25 1 1
github.com/xbpk3t/gonamefix/gonamefix.go:96.25,99.8 2 1
github.com/xbpk3t/gonamefix/gonamefix.go:104.4,104.52 1 1
github.com/xbpk3t/gonamefix/gonamefix.go:104.52,105.51 1 0
github.com/xbpk3t/gonamefix/gonamefix.go:105.51,106.40 1 0
github.com/xbpk3t/gonamefix/gonamefix.go:106.40,107.25 1 0
github.com/xbpk3t/gonamefix/gonamefix.go:107.25,110.8 2 0
github.com/xbpk3t/gonamefix/gonamefix.go:114.22,115.47 1 1
github.com/xbpk3t/gonamefix/gonamefix.go:115.47,118.5 2 1
github.com/xbpk3t/gonamefix/gonamefix.go:119.23,120.36 1 1
github.com/xbpk3t/gonamefix/gonamefix.go:120.36,121.23 1 1
github.com/xbpk3t/gonamefix/gonamefix.go:121.23,124.6 2 1
github.com/xbpk3t/gonamefix/gonamefix.go:126.19,127.36 1 1
github.com/xbpk3t/gonamefix/gonamefix.go:127.36,128.23 1 1
github.com/xbpk3t/gonamefix/gonamefix.go:128.23,131.6 2 1
github.com/xbpk3t/gonamefix/gonamefix.go:136.2,136.17 1 1
github.com/xbpk3t/gonamefix/gonamefix.go:139.60,141.29 2 1
github.com/xbpk3t/gonamefix/gonamefix.go:141.29,142.21 1 1
github.com/xbpk3t/gonamefix/gonamefix.go:142.21,144.4 1 1
github.com/xbpk3t/gonamefix/gonamefix.go:146.2,146.17 1 1
github.com/xbpk3t/gonamefix/gonamefix.go:149.82,151.46 2 1
github.com/xbpk3t/gonamefix/gonamefix.go:151.46,156.20 3 1
github.com/xbpk3t/gonamefix/gonamefix.go:156.20,160.4 2 1
github.com/xbpk3t/gonamefix/gonamefix.go:160.9,164.4 2 1
github.com/xbpk3t/gonamefix/gonamefix.go:166.3,166.17 1 1
github.com/xbpk3t/gonamefix/gonamefix.go:166.17,172.4 1 1
github.com/xbpk3t/gonamefix/gonamefix.go:174.2,174.17 1 1
github.com/xbpk3t/gonamefix/gonamefix.go:177.105,178.38 1 1
github.com/xbpk3t/gonamefix/gonamefix.go:178.38,180.3 1 0
github.com/xbpk3t/gonamefix/gonamefix.go:183.2,183.29 1 1
github.com/xbpk3t/gonamefix/gonamefix.go:183.29,185.3 1 0
github.com/xbpk3t/gonamefix/gonamefix.go:187.2,189.35 2 1
github.com/xbpk3t/gonamefix/gonamefix.go:189.35,192.28 2 1
github.com/xbpk3t/gonamefix/gonamefix.go:192.28,194.9 2 1
github.com/xbpk3t/gonamefix/gonamefix.go:199.83,200.34 1 1
github.com/xbpk3t/gonamefix/gonamefix.go:200.34,202.3 1 0
github.com/xbpk3t/gonamefix/gonamefix.go:205.2,205.39 1 1
github.com/xbpk3t/gonamefix/gonamefix.go:205.39,207.3 1 1
github.com/xbpk3t/gonamefix/gonamefix.go:207.8,207.64 1 1
github.com/xbpk3t/gonamefix/gonamefix.go:207.64,209.50 1 1
github.com/xbpk3t/gonamefix/gonamefix.go:209.50,211.4 1 1
github.com/xbpk3t/gonamefix/gonamefix.go:212.3,212.21 1 1
github.com/xbpk3t/gonamefix/gonamefix.go:216.2,216.69 1 1
github.com/xbpk3t/gonamefix/gonamefix.go:219.86,222.20 2 1
github.com/xbpk3t/gonamefix/gonamefix.go:222.20,227.50 3 1
github.com/xbpk3t/gonamefix/gonamefix.go:227.50,228.34 1 1
github.com/xbpk3t/gonamefix/gonamefix.go:228.34,230.35 1 0
github.com/xbpk3t/gonamefix/gonamefix.go:230.35,232.6 1 0
github.com/xbpk3t/gonamefix/gonamefix.go:233.5,233.23 1 0
github.com/xbpk3t/gonamefix/gonamefix.go:234.10,234.82 1 1
github.com/xbpk3t/gonamefix/gonamefix.go:234.82,236.35 1 1
github.com/xbpk3t/gonamefix/gonamefix.go:236.35,238.6 1 1
github.com/xbpk3t/gonamefix/gonamefix.go:239.5,239.46 1 1
github.com/xbpk3t/gonamefix/gonamefix.go:244.3,245.57 2 1
github.com/xbpk3t/gonamefix/gonamefix.go:245.57,248.93 1 1
github.com/xbpk3t/gonamefix/gonamefix.go:248.93,250.5 1 1
github.com/xbpk3t/gonamefix/gonamefix.go:252.8,254.40 1 1
github.com/xbpk3t/gonamefix/gonamefix.go:254.40,255.34 1 1
github.com/xbpk3t/gonamefix/gonamefix.go:255.34,257.5 1 0
github.com/xbpk3t/gonamefix/gonamefix.go:257.10,257.82 1 1
github.com/xbpk3t/gonamefix/gonamefix.go:257.82,259.5 1 1
github.com/xbpk3t/gonamefix/gonamefix.go:262.3,263.57 2 1
github.com/xbpk3t/gonamefix/gonamefix.go:263.57,265.93 1 1
github.com/xbpk3t/gonamefix/gonamefix.go:265.93,267.5 1 1
github.com/xbpk3t/gonamefix/gonamefix.go:271.2,271.15 1 1
github.com/xbpk3t/gonamefix/gonamefix.go:274.31,276.2 1 1
github.com/xbpk3t/gonamefix/gonamefix.go:278.36,309.2 2 1
github.com/xbpk3t/gonamefix/gonamefix.go:311.61,313.46 2 1
github.com/xbpk3t/gonamefix/gonamefix.go:313.46,315.28 2 1
github.com/xbpk3t/gonamefix/gonamefix.go:315.28,317.4 1 1
github.com/xbpk3t/gonamefix/gonamefix.go:320.2,320.45 1 1
github.com/xbpk3t/gonamefix/gonamefix.go:320.45,321.42 1 1
github.com/xbpk3t/gonamefix/gonamefix.go:321.42,323.4 1 1
github.com/xbpk3t/gonamefix/gonamefix.go:326.2,326.14 1 1
